#
# There is insufficient memory for the Java Runtime Environment to continue.
# Native memory allocation (mmap) failed to map 65011712 bytes for G1 virtual space
# Possible reasons:
#   The system is out of physical RAM or swap space
#   The process is running with CompressedOops enabled, and the Java Heap may be blocking the growth of the native heap
# Possible solutions:
#   Reduce memory load on the system
#   Increase physical memory or swap space
#   Check if swap backing store is full
#   Decrease Java heap size (-Xmx/-Xms)
#   Decrease number of Java threads
#   Decrease Java thread stack sizes (-Xss)
#   Set larger code cache with -XX:ReservedCodeCacheSize=
#   JVM is running with Unscaled Compressed Oops mode in which the Java heap is
#     placed in the first 4GB address space. The Java Heap base address is the
#     maximum limit for the native heap growth. Please use -XX:HeapBaseMinAddress
#     to set the Java Heap base and to place the Java Heap above 4GB virtual address.
# This output file may be truncated or incomplete.
#
#  Out of Memory Error (os_windows.cpp:3527), pid=18948, tid=19012
#
# JRE version:  (19.0.1+10) (build )
# Java VM: Java HotSpot(TM) 64-Bit Server VM (19.0.1+10-21, mixed mode, sharing, tiered, compressed oops, compressed class ptrs, g1 gc, windows-amd64)
# No core dump will be written. Minidumps are not enabled by default on client versions of Windows
#

---------------  S U M M A R Y ------------

Command Line: -Dfile.encoding=UTF-8 --module-path=C:\Users\ASUS\OneDrive\Documents\NetBeansProjects\Travel Management System\build\classes travel.management.system.UpdateCustomer

Host: Intel(R) Core(TM) i5-8265U CPU @ 1.60GHz, 8 cores, 3G,  Windows 11 , 64 bit Build 22621 (10.0.22621.1344)
Time: Thu Mar 30 21:32:18 2023 Bangladesh Standard Time elapsed time: 0.019850 seconds (0d 0h 0m 0s)

---------------  T H R E A D  ---------------

Current thread (0x000001bd58b27a80):  JavaThread "Unknown thread" [_thread_in_vm, id=19012, stack(0x00000097ce800000,0x00000097ce900000)]

Stack: [0x00000097ce800000,0x00000097ce900000]
Native frames: (J=compiled Java code, j=interpreted, Vv=VM code, C=native code)
V  [jvm.dll+0x6ee8fa]
V  [jvm.dll+0x857a1e]
V  [jvm.dll+0x85940e]
V  [jvm.dll+0x859ac3]
V  [jvm.dll+0x28291f]
V  [jvm.dll+0x6eb6e9]
V  [jvm.dll+0x6e028a]
V  [jvm.dll+0x357136]
V  [jvm.dll+0x35eb96]
V  [jvm.dll+0x3b555e]
V  [jvm.dll+0x3b578f]
V  [jvm.dll+0x32c6ea]
V  [jvm.dll+0x32d59e]
V  [jvm.dll+0x821b20]
V  [jvm.dll+0x3c27c1]
V  [jvm.dll+0x8022f1]
V  [jvm.dll+0x44b30f]
V  [jvm.dll+0x44cc91]
C  [jli.dll+0x5287]
C  [ucrtbase.dll+0x29363]
C  [KERNEL32.DLL+0x126bd]
C  [ntdll.dll+0x5a9f8]


---------------  P R O C E S S  ---------------

Threads class SMR info:
_java_thread_list=0x00007ff9ba21d048, length=0, elements={
}

Java Threads: ( => current thread )

Other Threads:
  0x000001bd58b69750 WorkerThread "GC Thread#0" [stack: 0x00000097ce900000,0x00000097cea00000] [id=18924]
  0x000001bd58b73240 ConcurrentGCThread "G1 Main Marker" [stack: 0x00000097cea00000,0x00000097ceb00000] [id=18936]
  0x000001bd58b73f70 WorkerThread "G1 Conc#0" [stack: 0x00000097ceb00000,0x00000097cec00000] [id=5104]

[error occurred during error reporting (printing all threads), id 0xc0000005, EXCEPTION_ACCESS_VIOLATION (0xc0000005) at pc=0x00007ff9b99dd127]

VM state: not at safepoint (not fully initialized)

VM Mutex/Monitor currently owned by a thread:  ([mutex/lock_event])
[0x000001bd58b22570] Heap_lock - owner thread: 0x000001bd58b27a80

Heap address: 0x00000000c2400000, size: 988 MB, Compressed Oops mode: 32-bit

CDS archive(s) mapped at: [0x0000000000000000-0x0000000000000000-0x0000000000000000), size 0, SharedBaseAddress: 0x0000000800000000, ArchiveRelocationMode: 0.
Narrow klass base: 0x0000000000000000, Narrow klass shift: 0, Narrow klass range: 0x0

GC Precious Log:
 CardTable entry size: 512
 Card Set container configuration: InlinePtr #cards 5 size 8 Array Of Cards #cards 12 size 40 Howl #buckets 4 coarsen threshold 1843 Howl Bitmap #cards 512 size 80 coarsen threshold 460 Card regions per heap region 1 cards per card region 2048

Heap:
 garbage-first heap   total 0K, used 0K [0x00000000c2400000, 0x0000000100000000)
  region size 1024K, 0 young (0K), 0 survivors (0K)

[error occurred during error reporting (printing heap information), id 0xc0000005, EXCEPTION_ACCESS_VIOLATION (0xc0000005) at pc=0x00007ff9b9de6959]

GC Heap History (0 events):
No events

Dll operation events (1 events):
Event: 0.013 Loaded shared library C:\Program Files\Java\jdk-19\bin\java.dll

Deoptimization events (0 events):
No events

Classes loaded (0 events):
No events

Classes unloaded (0 events):
No events

Classes redefined (0 events):
No events

Internal exceptions (0 events):
No events

VM Operations (0 events):
No events

Events (0 events):
No events


Dynamic libraries:
0x00007ff6f5f60000 - 0x00007ff6f5f70000 	C:\Program Files\Java\jdk-19\bin\java.exe
0x00007ff9fca70000 - 0x00007ff9fcc84000 	C:\WINDOWS\SYSTEM32\ntdll.dll
0x00007ff9fbb70000 - 0x00007ff9fbc33000 	C:\WINDOWS\System32\KERNEL32.DLL
0x00007ff9fa2d0000 - 0x00007ff9fa66c000 	C:\WINDOWS\System32\KERNELBASE.dll
0x00007ff9fa1b0000 - 0x00007ff9fa2c1000 	C:\WINDOWS\System32\ucrtbase.dll
0x00007ff9f3d40000 - 0x00007ff9f3d58000 	C:\Program Files\Java\jdk-19\bin\jli.dll
0x00007ff9ccf30000 - 0x00007ff9ccf4b000 	C:\Program Files\Java\jdk-19\bin\VCRUNTIME140.dll
0x00007ff9fc980000 - 0x00007ff9fca2e000 	C:\WINDOWS\System32\ADVAPI32.dll
0x00007ff9fa980000 - 0x00007ff9faa27000 	C:\WINDOWS\System32\msvcrt.dll
0x00007ff9fc320000 - 0x00007ff9fc3c4000 	C:\WINDOWS\System32\sechost.dll
0x00007ff9fc690000 - 0x00007ff9fc7a5000 	C:\WINDOWS\System32\RPCRT4.dll
0x00007ff9fc4e0000 - 0x00007ff9fc68d000 	C:\WINDOWS\System32\USER32.dll
0x00007ff9fa850000 - 0x00007ff9fa876000 	C:\WINDOWS\System32\win32u.dll
0x00007ff9e0600000 - 0x00007ff9e088e000 	C:\WINDOWS\WinSxS\amd64_microsoft.windows.common-controls_6595b64144ccf1df_6.0.22621.608_none_a9444ca7c10bb01d\COMCTL32.dll
0x00007ff9fc3d0000 - 0x00007ff9fc3f9000 	C:\WINDOWS\System32\GDI32.dll
0x00007ff9fa090000 - 0x00007ff9fa1a3000 	C:\WINDOWS\System32\gdi32full.dll
0x00007ff9f9ff0000 - 0x00007ff9fa08a000 	C:\WINDOWS\System32\msvcp_win.dll
0x00007ff9ef330000 - 0x00007ff9ef33a000 	C:\WINDOWS\SYSTEM32\VERSION.dll
0x00007ff9fc4a0000 - 0x00007ff9fc4d1000 	C:\WINDOWS\System32\IMM32.DLL
0x00007ff9cde70000 - 0x00007ff9cde7c000 	C:\Program Files\Java\jdk-19\bin\vcruntime140_1.dll
0x00007ff9c0280000 - 0x00007ff9c030e000 	C:\Program Files\Java\jdk-19\bin\msvcp140.dll
0x00007ff9b96a0000 - 0x00007ff9ba360000 	C:\Program Files\Java\jdk-19\bin\server\jvm.dll
0x00007ff9e0a20000 - 0x00007ff9e0a29000 	C:\WINDOWS\SYSTEM32\WSOCK32.dll
0x00007ff9eef40000 - 0x00007ff9eef74000 	C:\WINDOWS\SYSTEM32\WINMM.dll
0x00007ff9fb420000 - 0x00007ff9fb491000 	C:\WINDOWS\System32\WS2_32.dll
0x00007ff9f8ea0000 - 0x00007ff9f8eb8000 	C:\WINDOWS\SYSTEM32\kernel.appcore.dll
0x00007ff9ccee0000 - 0x00007ff9cceea000 	C:\Program Files\Java\jdk-19\bin\jimage.dll
0x00007ff9f49a0000 - 0x00007ff9f4bce000 	C:\WINDOWS\SYSTEM32\DBGHELP.DLL
0x00007ff9fbf20000 - 0x00007ff9fc2a9000 	C:\WINDOWS\System32\combase.dll
0x00007ff9fb220000 - 0x00007ff9fb2f7000 	C:\WINDOWS\System32\OLEAUT32.dll
0x00007ff9debe0000 - 0x00007ff9dec12000 	C:\WINDOWS\SYSTEM32\dbgcore.DLL
0x00007ff9f9eb0000 - 0x00007ff9f9f2b000 	C:\WINDOWS\System32\bcryptPrimitives.dll
0x00007ff9cca40000 - 0x00007ff9cca66000 	C:\Program Files\Java\jdk-19\bin\java.dll

dbghelp: loaded successfully - version: 4.0.5 - missing functions: none
symbol engine: initialized successfully - sym options: 0x614 - pdb path: .;C:\Program Files\Java\jdk-19\bin;C:\WINDOWS\SYSTEM32;C:\WINDOWS\WinSxS\amd64_microsoft.windows.common-controls_6595b64144ccf1df_6.0.22621.608_none_a9444ca7c10bb01d;C:\Program Files\Java\jdk-19\bin\server

VM Arguments:
jvm_args: -Dfile.encoding=UTF-8 --module-path=C:\Users\ASUS\OneDrive\Documents\NetBeansProjects\Travel Management System\build\classes 
java_command: travel.management.system.UpdateCustomer
java_class_path (initial): G:\jars\mysql-connector-java-8.0.28.jar;C:\Users\ASUS\OneDrive\Documents\NetBeansProjects\Travel Management System\build\classes
Launcher Type: SUN_STANDARD

[Global flags]
     intx CICompilerCount                          = 4                                         {product} {ergonomic}
     uint ConcGCThreads                            = 2                                         {product} {ergonomic}
     uint G1ConcRefinementThreads                  = 8                                         {product} {ergonomic}
   size_t G1HeapRegionSize                         = 1048576                                   {product} {ergonomic}
    uintx GCDrainStackTargetSize                   = 64                                        {product} {ergonomic}
   size_t InitialHeapSize                          = 65011712                                  {product} {ergonomic}
   size_t MarkStackSize                            = 4194304                                   {product} {ergonomic}
   size_t MaxHeapSize                              = 1035993088                                {product} {ergonomic}
   size_t MinHeapDeltaBytes                        = 1048576                                   {product} {ergonomic}
   size_t MinHeapSize                              = 8388608                                   {product} {ergonomic}
    uintx NonNMethodCodeHeapSize                   = 5839372                                {pd product} {ergonomic}
    uintx NonProfiledCodeHeapSize                  = 122909434                              {pd product} {ergonomic}
    uintx ProfiledCodeHeapSize                     = 122909434                              {pd product} {ergonomic}
    uintx ReservedCodeCacheSize                    = 251658240                              {pd product} {ergonomic}
     bool SegmentedCodeCache                       = true                                      {product} {ergonomic}
   size_t SoftMaxHeapSize                          = 1035993088                             {manageable} {ergonomic}
     bool UseCompressedClassPointers               = true                           {product lp64_product} {ergonomic}
     bool UseCompressedOops                        = true                           {product lp64_product} {ergonomic}
     bool UseG1GC                                  = true                                      {product} {ergonomic}
     bool UseLargePagesIndividualAllocation        = false                                  {pd product} {ergonomic}

Logging:
Log output configuration:
 #0: stdout all=warning uptime,level,tags foldmultilines=false
 #1: stderr all=off uptime,level,tags foldmultilines=false

Environment Variables:
JAVA_HOME=C:\Program Files\Java\jdk-19
PATH=C:\Program Files\Common Files\Oracle\Java\javapath;C:\Program Files (x86)\Common Files\Oracle\Java\javapath;C:\WINDOWS\system32;C:\WINDOWS;C:\WINDOWS\System32\Wbem;C:\WINDOWS\System32\WindowsPowerShell\v1.0\;C:\WINDOWS\System32\OpenSSH\;C:\MinGW\bin;C:\Program Files\Java\jre1.8.0_341\bin;C:\Program Files\Git\cmd;C:\Program Files\Java\jdk-19\bin;C:\Program Files\MySQL\MySQL Shell 8.0\bin\;C:\Users\ASUS\AppData\Local\Programs\Eclipse Adoptium\jdk-17.0.4.101-hotspot\bin;C:\MinGW\bin;C:\Users\ASUS\AppData\Local\Microsoft\WindowsApps;C:\Users\ASUS\AppData\Local\Programs\Microsoft VS Code\bin;C:\MinGW\bin;
USERNAME=ASUS
OS=Windows_NT
PROCESSOR_IDENTIFIER=Intel64 Family 6 Model 142 Stepping 12, GenuineIntel
TMP=C:\Users\ASUS\AppData\Local\Temp
TEMP=C:\Users\ASUS\AppData\Local\Temp



---------------  S Y S T E M  ---------------

OS:
 Windows 11 , 64 bit Build 22621 (10.0.22621.1344)
OS uptime: 0 days 2:14 hours
Hyper-V role detected

CPU: total 8 (initial active 8) (4 cores per cpu, 2 threads per core) family 6 model 142 stepping 12 microcode 0xde, cx8, cmov, fxsr, ht, mmx, 3dnowpref, sse, sse2, sse3, ssse3, sse4.1, sse4.2, popcnt, lzcnt, tsc, tscinvbit, avx, avx2, aes, erms, clmul, bmi1, bmi2, adx, fma, vzeroupper, clflush, clflushopt, hv, rdtscp

Memory: 4k page, system-wide physical 3947M (309M free)
TotalPageFile size 16235M (AvailPageFile size 30M)
current process WorkingSet (physical memory assigned to process): 11M, peak: 11M
current process commit charge ("private bytes"): 60M, peak: 122M

vm_info: Java HotSpot(TM) 64-Bit Server VM (19.0.1+10-21) for windows-amd64 JRE (19.0.1+10-21), built on 2022-09-14T12:45:06Z by "mach5one" with MS VC++ 17.1 (VS2022)

END.
